<?xml version="1.0" encoding="UTF-8"?>
<!-- Generated by org.testng.reporters.JUnitReportReporter -->
<testsuite hostname="LAPTOP-IKSOT8NF" failures="0" tests="1" name="com.testcases.testng.LoginTest" time="18.693" errors="0" timestamp="2023-10-01T15:24:13 EDT" skipped="0">
  <testcase classname="com.testcases.testng.LoginTest" name="login" time="18.693"/>
</testsuite> <!-- com.testcases.testng.LoginTest -->
